# JRE version: OpenJDK Runtime Environment (17.0.6) (build 17.0.6+0-b2043.56-10027231)
# Java VM: OpenJDK 64-Bit Server VM (17.0.6+0-b2043.56-10027231, mixed mode, tiered, compressed oops, compressed class ptrs, g1 gc, windows-amd64)
GC Precious Log:
 CPUs: 12 total, 12 available
 Memory: 16169M
 Large Page Support: Disabled
 NUMA Support: Disabled
 Compressed Oops: Enabled (32-bit)
 Heap Region Size: 1M
 Heap Min Capacity: 8M
 Heap Initial Capacity: 254M
 Heap Max Capacity: 2G
 Pre-touch: Disabled
 Parallel Workers: 10
 Concurrent Workers: 3
 Concurrent Refinement Workers: 10
 Periodic GC: Disabled
Heap:
 garbage-first heap   total 207872K, used 100659K [0x0000000080000000, 0x0000000100000000)
  region size 1024K, 6 young (6144K), 2 survivors (2048K)
 Metaspace       used 85717K, committed 86336K, reserved 1130496K
  class space    used 11481K, committed 11776K, reserved 1048576K
GC Heap History (20 events):
Event: 5.704 GC heap before
{Heap before GC invocations=33 (full 0):
 garbage-first heap   total 152576K, used 111737K [0x0000000080000000, 0x0000000100000000)
  region size 1024K, 46 young (47104K), 1 survivors (1024K)
 Metaspace       used 62220K, committed 62784K, reserved 1105920K
  class space    used 8391K, committed 8640K, reserved 1048576K
}
Event: 5.708 GC heap after
{Heap after GC invocations=34 (full 0):
 garbage-first heap   total 152576K, used 73828K [0x0000000080000000, 0x0000000100000000)
  region size 1024K, 7 young (7168K), 7 survivors (7168K)
 Metaspace       used 62220K, committed 62784K, reserved 1105920K
  class space    used 8391K, committed 8640K, reserved 1048576K
}
Event: 5.718 GC heap before
{Heap before GC invocations=34 (full 0):
 garbage-first heap   total 152576K, used 77924K [0x0000000080000000, 0x0000000100000000)
  region size 1024K, 9 young (9216K), 7 survivors (7168K)
 Metaspace       used 62220K, committed 62784K, reserved 1105920K
  class space    used 8391K, committed 8640K, reserved 1048576K
}
Event: 5.721 GC heap after
{Heap after GC invocations=35 (full 0):
 garbage-first heap   total 152576K, used 79970K [0x0000000080000000, 0x0000000100000000)
  region size 1024K, 3 young (3072K), 3 survivors (3072K)
 Metaspace       used 62220K, committed 62784K, reserved 1105920K
  class space    used 8391K, committed 8640K, reserved 1048576K
}
Event: 5.941 GC heap before
{Heap before GC invocations=36 (full 0):
 garbage-first heap   total 152576K, used 104546K [0x0000000080000000, 0x0000000100000000)
  region size 1024K, 26 young (26624K), 3 survivors (3072K)
 Metaspace       used 64976K, committed 65536K, reserved 1105920K
  class space    used 8763K, committed 9024K, reserved 1048576K
}
Event: 5.943 GC heap after
{Heap after GC invocations=37 (full 0):
 garbage-first heap   total 152576K, used 81342K [0x0000000080000000, 0x0000000100000000)
  region size 1024K, 4 young (4096K), 4 survivors (4096K)
 Metaspace       used 64976K, committed 65536K, reserved 1105920K
  class space    used 8763K, committed 9024K, reserved 1048576K
}
Event: 5.980 GC heap before
{Heap before GC invocations=37 (full 0):
 garbage-first heap   total 152576K, used 84414K [0x0000000080000000, 0x0000000100000000)
  region size 1024K, 7 young (7168K), 4 survivors (4096K)
 Metaspace       used 65371K, committed 65920K, reserved 1114112K
  class space    used 8828K, committed 9088K, reserved 1048576K
}
Event: 5.983 GC heap after
{Heap after GC invocations=38 (full 0):
 garbage-first heap   total 152576K, used 81646K [0x0000000080000000, 0x0000000100000000)
  region size 1024K, 1 young (1024K), 1 survivors (1024K)
 Metaspace       used 65371K, committed 65920K, reserved 1114112K
  class space    used 8828K, committed 9088K, reserved 1048576K
}
Event: 6.279 GC heap before
{Heap before GC invocations=38 (full 0):
 garbage-first heap   total 152576K, used 107246K [0x0000000080000000, 0x0000000100000000)
  region size 1024K, 26 young (26624K), 1 survivors (1024K)
 Metaspace       used 70047K, committed 70720K, reserved 1114112K
  class space    used 9411K, committed 9728K, reserved 1048576K
}
Event: 6.281 GC heap after
{Heap after GC invocations=39 (full 0):
 garbage-first heap   total 152576K, used 82665K [0x0000000080000000, 0x0000000100000000)
  region size 1024K, 2 young (2048K), 2 survivors (2048K)
 Metaspace       used 70047K, committed 70720K, reserved 1114112K
  class space    used 9411K, committed 9728K, reserved 1048576K
}
Event: 6.490 GC heap before
{Heap before GC invocations=40 (full 0):
 garbage-first heap   total 152576K, used 116457K [0x0000000080000000, 0x0000000100000000)
  region size 1024K, 29 young (29696K), 2 survivors (2048K)
 Metaspace       used 72724K, committed 73344K, reserved 1114112K
  class space    used 9762K, committed 10048K, reserved 1048576K
}
Event: 6.493 GC heap after
{Heap after GC invocations=41 (full 0):
 garbage-first heap   total 152576K, used 85988K [0x0000000080000000, 0x0000000100000000)
  region size 1024K, 4 young (4096K), 4 survivors (4096K)
 Metaspace       used 72724K, committed 73344K, reserved 1114112K
  class space    used 9762K, committed 10048K, reserved 1048576K
}
Event: 6.520 GC heap before
{Heap before GC invocations=41 (full 0):
 garbage-first heap   total 152576K, used 89060K [0x0000000080000000, 0x0000000100000000)
  region size 1024K, 7 young (7168K), 4 survivors (4096K)
 Metaspace       used 73096K, committed 73728K, reserved 1114112K
  class space    used 9800K, committed 10112K, reserved 1048576K
}
Event: 6.523 GC heap after
{Heap after GC invocations=42 (full 0):
 garbage-first heap   total 207872K, used 86115K [0x0000000080000000, 0x0000000100000000)
  region size 1024K, 1 young (1024K), 1 survivors (1024K)
 Metaspace       used 73096K, committed 73728K, reserved 1114112K
  class space    used 9800K, committed 10112K, reserved 1048576K
}
Event: 7.054 GC heap before
{Heap before GC invocations=42 (full 0):
 garbage-first heap   total 207872K, used 140387K [0x0000000080000000, 0x0000000100000000)
  region size 1024K, 54 young (55296K), 1 survivors (1024K)
 Metaspace       used 78633K, committed 79232K, reserved 1122304K
  class space    used 10520K, committed 10816K, reserved 1048576K
}
Event: 7.057 GC heap after
{Heap after GC invocations=43 (full 0):
 garbage-first heap   total 207872K, used 89092K [0x0000000080000000, 0x0000000100000000)
  region size 1024K, 4 young (4096K), 4 survivors (4096K)
 Metaspace       used 78633K, committed 79232K, reserved 1122304K
  class space    used 10520K, committed 10816K, reserved 1048576K
}
Event: 7.538 GC heap before
{Heap before GC invocations=43 (full 0):
 garbage-first heap   total 207872K, used 149508K [0x0000000080000000, 0x0000000100000000)
  region size 1024K, 64 young (65536K), 4 survivors (4096K)
 Metaspace       used 83841K, committed 84480K, reserved 1130496K
  class space    used 11212K, committed 11520K, reserved 1048576K
}
Event: 7.543 GC heap after
{Heap after GC invocations=44 (full 0):
 garbage-first heap   total 207872K, used 94817K [0x0000000080000000, 0x0000000100000000)
  region size 1024K, 8 young (8192K), 8 survivors (8192K)
 Metaspace       used 83841K, committed 84480K, reserved 1130496K
  class space    used 11212K, committed 11520K, reserved 1048576K
}
Event: 7.686 GC heap before
{Heap before GC invocations=44 (full 0):
 garbage-first heap   total 207872K, used 109153K [0x0000000080000000, 0x0000000100000000)
  region size 1024K, 23 young (23552K), 8 survivors (8192K)
 Metaspace       used 85501K, committed 86144K, reserved 1130496K
  class space    used 11456K, committed 11776K, reserved 1048576K
}
Event: 7.691 GC heap after
{Heap after GC invocations=45 (full 0):
 garbage-first heap   total 207872K, used 96563K [0x0000000080000000, 0x0000000100000000)
  region size 1024K, 2 young (2048K), 2 survivors (2048K)
 Metaspace       used 85501K, committed 86144K, reserved 1130496K
  class space    used 11456K, committed 11776K, reserved 1048576K
}

